function Person(name, age){
    this.name = name;
    this.age = age;
}
Person.prototype.print = function(){
    console.log(`Name is ${this.name} Age is ${this.age}`);
}

ƒ (){
    console.log(`Name is ${this.name} Age is ${this.age}`);
}
function Employee(id, salary, name, age){
Person.call(name, age); //super
    this.id = id;
this.salary = salary;
}
Employee.prototype.company = 'ABC';
 
"ABC"
Employee.prototype.__proto__ = Person.prototype;
{print: ƒ, constructor: ƒ}
var ram = new Employee(1001,9999);
undefined
ram;
Employee {id: 1001, salary: 9999}
ram.print();
VM261:6 Name is undefined Age is undefined
undefined
var ram = new Employee(1001,9999,'AA',21);
undefined
ram.print();
VM261:6 Name is undefined Age is undefined
undefined
function Employee(id, salary, name, age){
Person.call(this,name, age ) //super
    this.id = id;
this.salary = salary;
}
Employee.prototype.company = 'ABC';
 
"ABC"
ram.print();
VM261:6 Name is undefined Age is undefined
undefined
Employee.prototype.__proto__ = Person.prototype;
{print: ƒ, constructor: ƒ}
ram.print();
VM261:6 Name is undefined Age is undefined
undefined
function Person(name, age){
    console.log('Person get called ', name, age);
    this.name = name;
    this.age = age;
    console.log(this);
}
Person.prototype.print = function(){
    console.log(`Name is ${this.name} Age is ${this.age}`);
}

ƒ (){
    console.log(`Name is ${this.name} Age is ${this.age}`);
}
ram.print();
VM261:6 Name is undefined Age is undefined
undefined
Employee.prototype.__proto__ = Person.prototype;
{print: ƒ, constructor: ƒ}
ram.print();
VM261:6 Name is undefined Age is undefined
undefined
